<?xml version="1.0" encoding="UTF-8"?>
<!-- Generated by org.testng.reporters.JUnitReportReporter -->
<testsuite hostname="Karito-707" failures="0" tests="3" name="edu.poly.test.WellcomeTest" time="0.020" errors="0" timestamp="2024-03-23T16:01:59 ICT" skipped="0">
  <testcase classname="edu.poly.test.WellcomeTest" name="test2" time="0.001"/>
  <system-out/>
  <testcase classname="edu.poly.test.WellcomeTest" name="test4" time="0.003"/>
  <system-out/>
  <testcase classname="edu.poly.test.WellcomeTest" name="test1" time="0.016"/>
  <system-out/>
</testsuite> <!-- edu.poly.test.WellcomeTest -->
